<?xml version="1.0" encoding="UTF-8"?>
<!-- Generated by org.testng.reporters.JUnitReportReporter -->
<testsuite hostname="EmSystem7" failures="0" tests="2" name="com.e7.specFrame.API_FrameWork.testcases.TestCreateCustomerApi" time="3.220" errors="0" timestamp="2021-01-19T16:07:33 EST" skipped="1">
  <testcase classname="com.e7.specFrame.API_FrameWork.testcases.TestCreateCustomerApi" name="fetchCustomers" time="3.220"/>
  <system-out/>
  <testcase classname="com.e7.specFrame.API_FrameWork.testcases.TestCreateCustomerApi" name="validateCreateCustomerAPI">
    <skipped/>
  </testcase> <!-- validateCreateCustomerAPI -->
  <system-out/>
</testsuite> <!-- com.e7.specFrame.API_FrameWork.testcases.TestCreateCustomerApi -->
